v:\facultate\anul 4\sem 1\spg\spg-framework-master\visual studio\obj\x64\debug\framework_spg\camerainput.obj
v:\facultate\anul 4\sem 1\spg\spg-framework-master\visual studio\obj\x64\debug\framework_spg\framebuffer.obj
v:\facultate\anul 4\sem 1\spg\spg-framework-master\visual studio\obj\x64\debug\framework_spg\texture2d.obj
v:\facultate\anul 4\sem 1\spg\spg-framework-master\visual studio\obj\x64\debug\framework_spg\world.obj
v:\facultate\anul 4\sem 1\spg\spg-framework-master\visual studio\obj\x64\debug\framework_spg\laborator4.obj
v:\facultate\anul 4\sem 1\spg\spg-framework-master\visual studio\obj\x64\debug\framework_spg\laborator7_winapi.obj
v:\facultate\anul 4\sem 1\spg\spg-framework-master\visual studio\obj\x64\debug\framework_spg\watersimulation.obj
v:\facultate\anul 4\sem 1\spg\spg-framework-master\visual studio\obj\x64\debug\framework_spg\simplescene.obj
v:\facultate\anul 4\sem 1\spg\spg-framework-master\visual studio\obj\x64\debug\framework_spg\shader.obj
v:\facultate\anul 4\sem 1\spg\spg-framework-master\visual studio\obj\x64\debug\framework_spg\texturemanager.obj
v:\facultate\anul 4\sem 1\spg\spg-framework-master\visual studio\obj\x64\debug\framework_spg\windowobject.obj
v:\facultate\anul 4\sem 1\spg\spg-framework-master\visual studio\obj\x64\debug\framework_spg\laborator2.obj
v:\facultate\anul 4\sem 1\spg\spg-framework-master\visual studio\obj\x64\debug\framework_spg\laborator6.obj
v:\facultate\anul 4\sem 1\spg\spg-framework-master\visual studio\obj\x64\debug\framework_spg\waterbody.obj
v:\facultate\anul 4\sem 1\spg\spg-framework-master\visual studio\obj\x64\debug\framework_spg\tema1.obj
v:\facultate\anul 4\sem 1\spg\spg-framework-master\visual studio\obj\x64\debug\framework_spg\engine.obj
v:\facultate\anul 4\sem 1\spg\spg-framework-master\visual studio\obj\x64\debug\framework_spg\gpubuffers.obj
v:\facultate\anul 4\sem 1\spg\spg-framework-master\visual studio\obj\x64\debug\framework_spg\inputcontroller.obj
v:\facultate\anul 4\sem 1\spg\spg-framework-master\visual studio\obj\x64\debug\framework_spg\gl.obj
v:\facultate\anul 4\sem 1\spg\spg-framework-master\visual studio\obj\x64\debug\framework_spg\laborator3.obj
v:\facultate\anul 4\sem 1\spg\spg-framework-master\visual studio\obj\x64\debug\framework_spg\laborator7.obj
v:\facultate\anul 4\sem 1\spg\spg-framework-master\visual studio\obj\x64\debug\framework_spg\waterpatch.obj
v:\facultate\anul 4\sem 1\spg\spg-framework-master\visual studio\obj\x64\debug\framework_spg\map.obj
v:\facultate\anul 4\sem 1\spg\spg-framework-master\visual studio\obj\x64\debug\framework_spg\skysphere.obj
v:\facultate\anul 4\sem 1\spg\spg-framework-master\visual studio\obj\x64\debug\framework_spg\sceneinput.obj
v:\facultate\anul 4\sem 1\spg\spg-framework-master\visual studio\obj\x64\debug\framework_spg\mesh.obj
v:\facultate\anul 4\sem 1\spg\spg-framework-master\visual studio\obj\x64\debug\framework_spg\windowcallbacks.obj
v:\facultate\anul 4\sem 1\spg\spg-framework-master\visual studio\obj\x64\debug\framework_spg\laborator1.obj
v:\facultate\anul 4\sem 1\spg\spg-framework-master\visual studio\obj\x64\debug\framework_spg\laborator5.obj
v:\facultate\anul 4\sem 1\spg\spg-framework-master\visual studio\obj\x64\debug\framework_spg\main.obj
v:\facultate\anul 4\sem 1\spg\spg-framework-master\visual studio\obj\x64\debug\framework_spg\boat.obj
v:\facultate\anul 4\sem 1\spg\spg-framework-master\visual studio\obj\x64\debug\framework_spg\vc142.pdb
v:\facultate\anul 4\sem 1\spg\spg-framework-master\x64\debug\framework_spg.ilk
v:\facultate\anul 4\sem 1\spg\spg-framework-master\x64\debug\framework_spg.exe
v:\facultate\anul 4\sem 1\spg\spg-framework-master\x64\debug\framework_spg.pdb
v:\facultate\anul 4\sem 1\spg\spg-framework-master\visual studio\..\x64\debug\framework_spg.exe
v:\facultate\anul 4\sem 1\spg\spg-framework-master\visual studio\obj\x64\debug\framework_spg\framework_spg.tlog\cl.22316.write.1.tlog
v:\facultate\anul 4\sem 1\spg\spg-framework-master\visual studio\obj\x64\debug\framework_spg\framework_spg.tlog\cl.command.1.tlog
v:\facultate\anul 4\sem 1\spg\spg-framework-master\visual studio\obj\x64\debug\framework_spg\framework_spg.tlog\cl.read.1.tlog
v:\facultate\anul 4\sem 1\spg\spg-framework-master\visual studio\obj\x64\debug\framework_spg\framework_spg.tlog\link.command.1.tlog
v:\facultate\anul 4\sem 1\spg\spg-framework-master\visual studio\obj\x64\debug\framework_spg\framework_spg.tlog\link.read.1.tlog
v:\facultate\anul 4\sem 1\spg\spg-framework-master\visual studio\obj\x64\debug\framework_spg\framework_spg.tlog\link.write.1.tlog
